Microsoft Windows [Version 10.0.22621.1555]
(c) Microsoft Corporation. All rights reserved.

C:\Users\nishibu>dotnet

Usage: dotnet [options]
Usage: dotnet [path-to-application]

Options:
  -h|--help         Display help.
  --info            Display .NET information.
  --list-sdks       Display the installed SDKs.
  --list-runtimes   Display the installed runtimes.

path-to-application:
  The path to an application .dll file to execute.

C:\Users\nishibu>dotnet new webapi -o MyMicroservice --no-https -f net7.0

.NET 7.0 へようこそ!
---------------------
SDK バージョン: 7.0.304

テレメトリ
---------
.NET ツールは、エクスペリエンスの向上のために利用状況データを収集します。データは Microsoft によって収集され、コミュニティと共 有されます。テレメトリをオプトアウトするには、好みのシェルを使用して、DOTNET_CLI_TELEMETRY_OPTOUT 環境変数を '1' または 'true' に設定できます。

.NET CLI ツールのテレメトリの詳細をご覧ください: https://aka.ms/dotnet-cli-telemetry

----------------
ASP.NET Core の HTTPS 開発証明書をインストールしました。
証明書を信頼するには、'dotnet dev-certs https --trust' (Windows および macOS のみ) を実行します。
HTTPS の詳細については、https://aka.ms/dotnet-https を参照してください
----------------
最初のアプリを作成するには、https://aka.ms/dotnet-hello-world を参照してください
最新情報については、https://aka.ms/dotnet-whats-new を参照してください
ドキュメントを探索するには、https://aka.ms/dotnet-docs を参照してください
GitHub で問題の報告とソースの検索を行うには、https://github.com/dotnet/core を参照してください
'dotnet --help' を使用して使用可能なコマンドを確認するか、https://aka.ms/dotnet-cli にアクセスしてください
--------------------------------------------------------------------------------------
テンプレート "ASP.NET Core Web API" が正常に作成されました。

作成後の操作を処理しています...
C:\Users\nishibu\MyMicroservice\MyMicroservice.csproj を復元しています:
  復元対象のプロジェクトを決定しています...
  C:\Users\nishibu\MyMicroservice\MyMicroservice.csproj を復元しました (3.8 sec)。
正常に復元されました。



C:\Users\nishibu>cd MyMicroservice

C:\Users\nishibu\MyMicroservice>dir
 ドライブ C のボリューム ラベルは Windows です
 ボリューム シリアル番号は 7248-8040 です

 C:\Users\nishibu\MyMicroservice のディレクトリ

2023/07/14  11:47    <DIR>          .
2023/07/14  11:47    <DIR>          ..
2023/07/14  11:47               127 appsettings.Development.json
2023/07/14  11:47               151 appsettings.json
2023/07/14  11:47    <DIR>          Controllers
2023/07/14  11:47               408 MyMicroservice.csproj
2023/07/14  11:47    <DIR>          obj
2023/07/14  11:47               527 Program.cs
2023/07/14  11:47    <DIR>          Properties
2023/07/14  11:47               263 WeatherForecast.cs
               5 個のファイル               1,476 バイト
               5 個のディレクトリ  254,124,822,528 バイトの空き領域

C:\Users\nishibu\MyMicroservice>dotnet run

Building...
info: Microsoft.Hosting.Lifetime[14]
Now listening on: http://localhost:5164
info: Microsoft.Hosting.Lifetime[0]
Application started. Press Ctrl+C to shut down.
info: Microsoft.Hosting.Lifetime[0]
Hosting environment: Development
info: Microsoft.Hosting.Lifetime[0]
Content root path: C:\Users\Ana\MyMicroservice\

